<?xml version="1.0" encoding="UTF-8"?>
<testsuite name="service.account.AccountServiceImplTest" tests="3" skipped="0" failures="0" errors="0" timestamp="2020-11-24T13:33:32" hostname="DESKTOP-F49O6OP" time="0.019">
  <properties/>
  <testcase name="findAll" classname="service.account.AccountServiceImplTest" time="0.004"/>
  <testcase name="findByIdEx" classname="service.account.AccountServiceImplTest" time="0.004"/>
  <testcase name="save" classname="service.account.AccountServiceImplTest" time="0.01"/>
  <system-out><![CDATA[]]></system-out>
  <system-err><![CDATA[]]></system-err>
</testsuite>
